<?xml version="1.0" encoding="UTF-8"?>
<testng-results ignored="0" total="2" passed="2" failed="0" skipped="0">
  <reporter-output>
  </reporter-output>
  <suite started-at="2024-08-23T21:57:51 IST" name="Suite" finished-at="2024-08-23T21:58:23 IST" duration-ms="32026">
    <groups>
    </groups>
    <test started-at="2024-08-23T21:57:51 IST" name="chrome" finished-at="2024-08-23T21:58:08 IST" duration-ms="16764">
      <class name="Base.Testcase">
        <test-method is-config="true" signature="setupbase(java.lang.String)[pri:0, instance:Base.Testcase@37afeb11]" started-at="2024-08-23T21:57:51 IST" name="setupbase" finished-at="2024-08-23T21:57:53 IST" duration-ms="1696" status="PASS">
          <params>
            <param index="0">
              <value>
                <![CDATA[chrome]]>
              </value>
            </param>
          </params>
          <reporter-output>
          </reporter-output>
        </test-method> <!-- setupbase -->
        <test-method signature="Filter()[pri:0, instance:Base.Testcase@37afeb11]" started-at="2024-08-23T21:57:53 IST" name="Filter" finished-at="2024-08-23T21:58:08 IST" duration-ms="15039" status="PASS">
          <reporter-output>
          </reporter-output>
        </test-method> <!-- Filter -->
      </class> <!-- Base.Testcase -->
    </test> <!-- chrome -->
    <test started-at="2024-08-23T21:58:08 IST" name="firefox" finished-at="2024-08-23T21:58:23 IST" duration-ms="15131">
      <class name="Base.Testcase">
        <test-method is-config="true" signature="setupbase(java.lang.String)[pri:0, instance:Base.Testcase@293a5bf6]" started-at="2024-08-23T21:58:08 IST" name="setupbase" finished-at="2024-08-23T21:58:11 IST" duration-ms="3225" status="PASS">
          <params>
            <param index="0">
              <value>
                <![CDATA[firefox]]>
              </value>
            </param>
          </params>
          <reporter-output>
          </reporter-output>
        </test-method> <!-- setupbase -->
        <test-method signature="Filter()[pri:0, instance:Base.Testcase@293a5bf6]" started-at="2024-08-23T21:58:11 IST" name="Filter" finished-at="2024-08-23T21:58:23 IST" duration-ms="11901" status="PASS">
          <reporter-output>
          </reporter-output>
        </test-method> <!-- Filter -->
      </class> <!-- Base.Testcase -->
    </test> <!-- firefox -->
  </suite> <!-- Suite -->
</testng-results>
