<?xml version="1.0" encoding="UTF-8"?>
<testng-results ignored="0" total="1" passed="1" failed="0" skipped="0">
  <reporter-output>
  </reporter-output>
  <suite started-at="2024-08-22T16:57:51 IST" name="Default suite" finished-at="2024-08-22T16:57:51 IST" duration-ms="48">
    <groups>
    </groups>
    <test started-at="2024-08-22T16:57:51 IST" name="Default test" finished-at="2024-08-22T16:57:51 IST" duration-ms="48">
      <class name="Base.Testcase">
        <test-method is-config="true" signature="setupbase()[pri:0, instance:Base.Testcase@6a6cb05c]" started-at="2024-08-22T16:57:51 IST" name="setupbase" finished-at="2024-08-22T16:57:51 IST" duration-ms="10" status="PASS">
          <reporter-output>
          </reporter-output>
        </test-method> <!-- setupbase -->
        <test-method signature="st()[pri:0, instance:Base.Testcase@6a6cb05c]" started-at="2024-08-22T16:57:51 IST" name="st" finished-at="2024-08-22T16:57:51 IST" duration-ms="5" status="PASS">
          <reporter-output>
          </reporter-output>
        </test-method> <!-- st -->
      </class> <!-- Base.Testcase -->
    </test> <!-- Default test -->
  </suite> <!-- Default suite -->
</testng-results>
